app/build/outputs/logs/manifest-merger-debug-report.txt
-- Merging decision tree log ---
manifest
ADDED from src/main/AndroidManifest.xml:1:1-19:12
	package
		ADDED from src/main/AndroidManifest.xml:2:9-54
		INJECTED from src/main/AndroidManifest.xml
		INJECTED from src/main/AndroidManifest.xml
	xmlns:android
		ADDED from src/main/AndroidManifest.xml:1:11-69
application
ADDED from src/main/AndroidManifest.xml:3:5-18:19
	android:label
		ADDED from src/main/AndroidManifest.xml:3:18-50
service#com.example.android.cadencyKeyboard.CadencyKeyboard
ADDED from src/main/AndroidManifest.xml:4:9-10:19
	android:permission
		ADDED from src/main/AndroidManifest.xml:5:17-74
	android:name
		ADDED from src/main/AndroidManifest.xml:4:18-84
intent-filter#android.view.InputMethod
ADDED from src/main/AndroidManifest.xml:6:13-8:29
action#android.view.InputMethod
ADDED from src/main/AndroidManifest.xml:7:17-67
	android:name
		ADDED from src/main/AndroidManifest.xml:7:25-64
meta-data#android.view.im
ADDED from src/main/AndroidManifest.xml:9:13-88
	android:resource
		ADDED from src/main/AndroidManifest.xml:9:55-85
	android:name
		ADDED from src/main/AndroidManifest.xml:9:24-54
activity#com.example.android.cadencyKeyboard.ImePreferences
ADDED from src/main/AndroidManifest.xml:12:9-16:20
	android:label
		ADDED from src/main/AndroidManifest.xml:12:85-126
	android:name
		ADDED from src/main/AndroidManifest.xml:12:19-84
intent-filter#android.intent.action.MAIN
ADDED from src/main/AndroidManifest.xml:13:13-15:29
action#android.intent.action.MAIN
ADDED from src/main/AndroidManifest.xml:14:17-68
	android:name
		ADDED from src/main/AndroidManifest.xml:14:25-66
uses-sdk
INJECTED from src/main/AndroidManifest.xml reason: use-sdk injection requested
	android:minSdkVersion
		INJECTED from src/main/AndroidManifest.xml
		INJECTED from src/main/AndroidManifest.xml